<?xml version="1.0" encoding="UTF-8"?>
<!-- Generated by org.testng.reporters.JUnitReportReporter -->
<testsuite hostname="DESKTOP-68CL9IQ" name="scripts.launchGoogle" tests="1" failures="0" timestamp="24 Sep 2016 16:28:22 GMT" time="23.269" errors="0">
  <testcase name="openingBrowserWithGoogleWebsite" time="23.269" classname="scripts.launchGoogle"/>
</testsuite> <!-- scripts.launchGoogle -->
